<?xml version="1.0" encoding="UTF-8"?>
<!-- Generated by org.testng.reporters.JUnitReportReporter -->
<testsuite hostname="DCCPL0508" failures="0" tests="3" name="testScenarios.FunctionalTestImport" time="27.869" errors="0" timestamp="2024-12-26T13:38:03 IST" skipped="0">
  <testcase classname="testScenarios.FunctionalTestImport" name="testLoginValidCredentials" time="3.275"/>
  <system-out/>
  <testcase classname="testScenarios.FunctionalTestImport" name="testLoginBatchLoader" time="2.173"/>
  <system-out/>
  <testcase classname="testScenarios.FunctionalTestImport" name="testImport" time="22.421"/>
  <system-out/>
</testsuite> <!-- testScenarios.FunctionalTestImport -->
