<?xml version="1.0" encoding="UTF-8"?>
<!-- Generated by org.testng.reporters.JUnitReportReporter -->
<testsuite hostname="DCCPL0508" failures="0" tests="3" name="testScenarios.FunctionalTestImport" time="38.464" errors="0" timestamp="2024-12-27T13:26:26 IST" skipped="0">
  <testcase classname="testScenarios.FunctionalTestImport" name="testLoginValidCredentials" time="8.127"/>
  <system-out/>
  <testcase classname="testScenarios.FunctionalTestImport" name="testLoginBatchLoader" time="4.268"/>
  <system-out/>
  <testcase classname="testScenarios.FunctionalTestImport" name="testImport" time="26.069"/>
  <system-out/>
</testsuite> <!-- testScenarios.FunctionalTestImport -->
