<?xml version="1.0" encoding="UTF-8"?>
<!-- Generated by org.testng.reporters.JUnitReportReporter -->
<testsuite hostname="DCCPL0508" failures="0" tests="4" name="testScenarios.SmokeTestSuite" time="14.499" errors="0" timestamp="2024-12-27T13:36:43 IST" skipped="0">
  <testcase classname="testScenarios.SmokeTestSuite" name="testLoginValidCredentials" time="9.403"/>
  <system-out/>
  <testcase classname="testScenarios.SmokeTestSuite" name="testLoginBatchLoader" time="3.056"/>
  <system-out/>
  <testcase classname="testScenarios.SmokeTestSuite" name="testExport" time="1.138"/>
  <system-out/>
  <testcase classname="testScenarios.SmokeTestSuite" name="testImport" time="0.902"/>
  <system-out/>
</testsuite> <!-- testScenarios.SmokeTestSuite -->
