<?xml version="1.0" encoding="UTF-8"?>
<!-- Generated by org.testng.reporters.JUnitReportReporter -->
<testsuite hostname="DCCPL0508" failures="0" tests="3" name="testScenarios.FunctionalTestSuiteExport" time="16.547" errors="0" timestamp="2024-12-26T12:39:42 IST" skipped="0">
  <testcase classname="testScenarios.FunctionalTestSuiteExport" name="testLoginValidCredentials" time="2.690"/>
  <system-out/>
  <testcase classname="testScenarios.FunctionalTestSuiteExport" name="testLoginBatchLoader" time="2.388"/>
  <system-out/>
  <testcase classname="testScenarios.FunctionalTestSuiteExport" name="testExport" time="11.469"/>
  <system-out/>
</testsuite> <!-- testScenarios.FunctionalTestSuiteExport -->
