<?xml version="1.0" encoding="UTF-8"?>
<!-- Generated by org.testng.reporters.JUnitReportReporter -->
<testsuite hostname="DCCPL0508" failures="0" tests="3" name="testScenarios.FunctionalTestSuite" time="20.410" errors="0" timestamp="2024-12-26T11:30:40 IST" skipped="0">
  <testcase classname="testScenarios.FunctionalTestSuite" name="testLoginValidCredentials" time="6.848"/>
  <system-out/>
  <testcase classname="testScenarios.FunctionalTestSuite" name="testLoginBatchLoader" time="2.840"/>
  <system-out/>
  <testcase classname="testScenarios.FunctionalTestSuite" name="testExport" time="10.722"/>
  <system-out/>
</testsuite> <!-- testScenarios.FunctionalTestSuite -->
